<?xml version="1.0" encoding="UTF-8"?>
<!-- Generated by org.testng.reporters.JUnitXMLReporter -->
<testsuite ignored="0" hostname="DESKTOP-GOV41DI" failures="0" tests="1" name="OpencartTest" time="0.06" errors="0" timestamp="2023-12-26T23:50:28 IST">
  <testcase classname="testBase.BaseClass" name="@BeforeClass setup" time="0.015">
    <failure type="java.util.MissingResourceException" message="Can&amp;apos;t find bundle for base name config, locale en_IN">
      <![CDATA[java.util.MissingResourceException: Can't find bundle for base name config, locale en_IN
at java.base/java.util.ResourceBundle.throwMissingResourceException(ResourceBundle.java:2062)
at java.base/java.util.ResourceBundle.getBundleImpl(ResourceBundle.java:1700)
at java.base/java.util.ResourceBundle.getBundleImpl(ResourceBundle.java:1603)
at java.base/java.util.ResourceBundle.getBundleImpl(ResourceBundle.java:1558)
at java.base/java.util.ResourceBundle.getBundle(ResourceBundle.java:864)
at testBase.BaseClass.setup(BaseClass.java:29)
at java.base/java.util.ArrayList.forEach(ArrayList.java:1511)
... Removed 23 stack frames]]>
    </failure>
  </testcase> <!-- @BeforeClass setup -->
  <testcase classname="testBase.BaseClass" name="@AfterClass teadDown" time="0.0">
    <skipped/>
  </testcase> <!-- @AfterClass teadDown -->
  <testcase classname="testCases.TC_001_AccountRegistrationTest" name="test_account_Registration" time="0.0">
    <skipped/>
  </testcase> <!-- test_account_Registration -->
</testsuite> <!-- OpencartTest -->
